src/031_ClassificationScoring.py:60: SettingWithCopyWarning: 
A value is trying to be set on a copy of a slice from a DataFrame.
Try using .loc[row_indexer,col_indexer] = value instead

See the caveats in the documentation: https://pandas.pydata.org/pandas-docs/stable/user_guide/indexing.html#returning-a-view-versus-a-copy
  leuko_feats["CAT_geneClass"]=leuko_table["geneClass"]
src/031_ClassificationScoring.py:60: SettingWithCopyWarning: 
A value is trying to be set on a copy of a slice from a DataFrame.
Try using .loc[row_indexer,col_indexer] = value instead

See the caveats in the documentation: https://pandas.pydata.org/pandas-docs/stable/user_guide/indexing.html#returning-a-view-versus-a-copy
  leuko_feats["CAT_geneClass"]=leuko_table["geneClass"]
src/031_ClassificationScoring.py:60: SettingWithCopyWarning: 
A value is trying to be set on a copy of a slice from a DataFrame.
Try using .loc[row_indexer,col_indexer] = value instead

See the caveats in the documentation: https://pandas.pydata.org/pandas-docs/stable/user_guide/indexing.html#returning-a-view-versus-a-copy
  leuko_feats["CAT_geneClass"]=leuko_table["geneClass"]
src/031_ClassificationScoring.py:60: SettingWithCopyWarning: 
A value is trying to be set on a copy of a slice from a DataFrame.
Try using .loc[row_indexer,col_indexer] = value instead

See the caveats in the documentation: https://pandas.pydata.org/pandas-docs/stable/user_guide/indexing.html#returning-a-view-versus-a-copy
  leuko_feats["CAT_geneClass"]=leuko_table["geneClass"]
src/031_ClassificationScoring.py:60: SettingWithCopyWarning: 
A value is trying to be set on a copy of a slice from a DataFrame.
Try using .loc[row_indexer,col_indexer] = value instead

See the caveats in the documentation: https://pandas.pydata.org/pandas-docs/stable/user_guide/indexing.html#returning-a-view-versus-a-copy
  leuko_feats["CAT_geneClass"]=leuko_table["geneClass"]
src/031_ClassificationScoring.py:60: SettingWithCopyWarning: 
A value is trying to be set on a copy of a slice from a DataFrame.
Try using .loc[row_indexer,col_indexer] = value instead

See the caveats in the documentation: https://pandas.pydata.org/pandas-docs/stable/user_guide/indexing.html#returning-a-view-versus-a-copy
  leuko_feats["CAT_geneClass"]=leuko_table["geneClass"]
src/031_ClassificationScoring.py:60: SettingWithCopyWarning: 
A value is trying to be set on a copy of a slice from a DataFrame.
Try using .loc[row_indexer,col_indexer] = value instead

See the caveats in the documentation: https://pandas.pydata.org/pandas-docs/stable/user_guide/indexing.html#returning-a-view-versus-a-copy
  leuko_feats["CAT_geneClass"]=leuko_table["geneClass"]
src/031_ClassificationScoring.py:60: SettingWithCopyWarning: 
A value is trying to be set on a copy of a slice from a DataFrame.
Try using .loc[row_indexer,col_indexer] = value instead

See the caveats in the documentation: https://pandas.pydata.org/pandas-docs/stable/user_guide/indexing.html#returning-a-view-versus-a-copy
  leuko_feats["CAT_geneClass"]=leuko_table["geneClass"]
src/031_ClassificationScoring.py:60: SettingWithCopyWarning: 
A value is trying to be set on a copy of a slice from a DataFrame.
Try using .loc[row_indexer,col_indexer] = value instead

See the caveats in the documentation: https://pandas.pydata.org/pandas-docs/stable/user_guide/indexing.html#returning-a-view-versus-a-copy
  leuko_feats["CAT_geneClass"]=leuko_table["geneClass"]
src/031_ClassificationScoring.py:60: SettingWithCopyWarning: 
A value is trying to be set on a copy of a slice from a DataFrame.
Try using .loc[row_indexer,col_indexer] = value instead

See the caveats in the documentation: https://pandas.pydata.org/pandas-docs/stable/user_guide/indexing.html#returning-a-view-versus-a-copy
  leuko_feats["CAT_geneClass"]=leuko_table["geneClass"]
src/031_ClassificationScoring.py:60: SettingWithCopyWarning: 
A value is trying to be set on a copy of a slice from a DataFrame.
Try using .loc[row_indexer,col_indexer] = value instead

See the caveats in the documentation: https://pandas.pydata.org/pandas-docs/stable/user_guide/indexing.html#returning-a-view-versus-a-copy
  leuko_feats["CAT_geneClass"]=leuko_table["geneClass"]
src/031_ClassificationScoring.py:60: SettingWithCopyWarning: 
A value is trying to be set on a copy of a slice from a DataFrame.
Try using .loc[row_indexer,col_indexer] = value instead

See the caveats in the documentation: https://pandas.pydata.org/pandas-docs/stable/user_guide/indexing.html#returning-a-view-versus-a-copy
  leuko_feats["CAT_geneClass"]=leuko_table["geneClass"]
src/031_ClassificationScoring.py:60: SettingWithCopyWarning: 
A value is trying to be set on a copy of a slice from a DataFrame.
Try using .loc[row_indexer,col_indexer] = value instead

See the caveats in the documentation: https://pandas.pydata.org/pandas-docs/stable/user_guide/indexing.html#returning-a-view-versus-a-copy
  leuko_feats["CAT_geneClass"]=leuko_table["geneClass"]
src/031_ClassificationScoring.py:60: SettingWithCopyWarning: 
A value is trying to be set on a copy of a slice from a DataFrame.
Try using .loc[row_indexer,col_indexer] = value instead

See the caveats in the documentation: https://pandas.pydata.org/pandas-docs/stable/user_guide/indexing.html#returning-a-view-versus-a-copy
  leuko_feats["CAT_geneClass"]=leuko_table["geneClass"]
src/031_ClassificationScoring.py:60: SettingWithCopyWarning: 
A value is trying to be set on a copy of a slice from a DataFrame.
Try using .loc[row_indexer,col_indexer] = value instead

See the caveats in the documentation: https://pandas.pydata.org/pandas-docs/stable/user_guide/indexing.html#returning-a-view-versus-a-copy
  leuko_feats["CAT_geneClass"]=leuko_table["geneClass"]
src/031_ClassificationScoring.py:60: SettingWithCopyWarning: 
A value is trying to be set on a copy of a slice from a DataFrame.
Try using .loc[row_indexer,col_indexer] = value instead

See the caveats in the documentation: https://pandas.pydata.org/pandas-docs/stable/user_guide/indexing.html#returning-a-view-versus-a-copy
  leuko_feats["CAT_geneClass"]=leuko_table["geneClass"]
src/031_ClassificationScoring.py:60: SettingWithCopyWarning: 
A value is trying to be set on a copy of a slice from a DataFrame.
Try using .loc[row_indexer,col_indexer] = value instead

See the caveats in the documentation: https://pandas.pydata.org/pandas-docs/stable/user_guide/indexing.html#returning-a-view-versus-a-copy
  leuko_feats["CAT_geneClass"]=leuko_table["geneClass"]
src/031_ClassificationScoring.py:60: SettingWithCopyWarning: 
A value is trying to be set on a copy of a slice from a DataFrame.
Try using .loc[row_indexer,col_indexer] = value instead

See the caveats in the documentation: https://pandas.pydata.org/pandas-docs/stable/user_guide/indexing.html#returning-a-view-versus-a-copy
  leuko_feats["CAT_geneClass"]=leuko_table["geneClass"]
src/031_ClassificationScoring.py:60: SettingWithCopyWarning: 
A value is trying to be set on a copy of a slice from a DataFrame.
Try using .loc[row_indexer,col_indexer] = value instead

See the caveats in the documentation: https://pandas.pydata.org/pandas-docs/stable/user_guide/indexing.html#returning-a-view-versus-a-copy
  leuko_feats["CAT_geneClass"]=leuko_table["geneClass"]
src/031_ClassificationScoring.py:60: SettingWithCopyWarning: 
A value is trying to be set on a copy of a slice from a DataFrame.
Try using .loc[row_indexer,col_indexer] = value instead

See the caveats in the documentation: https://pandas.pydata.org/pandas-docs/stable/user_guide/indexing.html#returning-a-view-versus-a-copy
  leuko_feats["CAT_geneClass"]=leuko_table["geneClass"]
src/031_ClassificationScoring.py:60: SettingWithCopyWarning: 
A value is trying to be set on a copy of a slice from a DataFrame.
Try using .loc[row_indexer,col_indexer] = value instead

See the caveats in the documentation: https://pandas.pydata.org/pandas-docs/stable/user_guide/indexing.html#returning-a-view-versus-a-copy
  leuko_feats["CAT_geneClass"]=leuko_table["geneClass"]
src/031_ClassificationScoring.py:60: SettingWithCopyWarning: 
A value is trying to be set on a copy of a slice from a DataFrame.
Try using .loc[row_indexer,col_indexer] = value instead

See the caveats in the documentation: https://pandas.pydata.org/pandas-docs/stable/user_guide/indexing.html#returning-a-view-versus-a-copy
  leuko_feats["CAT_geneClass"]=leuko_table["geneClass"]
src/031_ClassificationScoring.py:60: SettingWithCopyWarning: 
A value is trying to be set on a copy of a slice from a DataFrame.
Try using .loc[row_indexer,col_indexer] = value instead

See the caveats in the documentation: https://pandas.pydata.org/pandas-docs/stable/user_guide/indexing.html#returning-a-view-versus-a-copy
  leuko_feats["CAT_geneClass"]=leuko_table["geneClass"]
src/031_ClassificationScoring.py:60: SettingWithCopyWarning: 
A value is trying to be set on a copy of a slice from a DataFrame.
Try using .loc[row_indexer,col_indexer] = value instead

See the caveats in the documentation: https://pandas.pydata.org/pandas-docs/stable/user_guide/indexing.html#returning-a-view-versus-a-copy
  leuko_feats["CAT_geneClass"]=leuko_table["geneClass"]
src/031_ClassificationScoring.py:60: SettingWithCopyWarning: 
A value is trying to be set on a copy of a slice from a DataFrame.
Try using .loc[row_indexer,col_indexer] = value instead

See the caveats in the documentation: https://pandas.pydata.org/pandas-docs/stable/user_guide/indexing.html#returning-a-view-versus-a-copy
  leuko_feats["CAT_geneClass"]=leuko_table["geneClass"]
src/031_ClassificationScoring.py:60: SettingWithCopyWarning: 
A value is trying to be set on a copy of a slice from a DataFrame.
Try using .loc[row_indexer,col_indexer] = value instead

See the caveats in the documentation: https://pandas.pydata.org/pandas-docs/stable/user_guide/indexing.html#returning-a-view-versus-a-copy
  leuko_feats["CAT_geneClass"]=leuko_table["geneClass"]
src/031_ClassificationScoring.py:60: SettingWithCopyWarning: 
A value is trying to be set on a copy of a slice from a DataFrame.
Try using .loc[row_indexer,col_indexer] = value instead

See the caveats in the documentation: https://pandas.pydata.org/pandas-docs/stable/user_guide/indexing.html#returning-a-view-versus-a-copy
  leuko_feats["CAT_geneClass"]=leuko_table["geneClass"]
src/031_ClassificationScoring.py:60: SettingWithCopyWarning: 
A value is trying to be set on a copy of a slice from a DataFrame.
Try using .loc[row_indexer,col_indexer] = value instead

See the caveats in the documentation: https://pandas.pydata.org/pandas-docs/stable/user_guide/indexing.html#returning-a-view-versus-a-copy
  leuko_feats["CAT_geneClass"]=leuko_table["geneClass"]
before leuko
Trying to open data/90_fantom/onto/UBERON_0005399_male_reproductive_gland.tsv.gz table
Opened data/90_fantom/onto/UBERON_0005399_male_reproductive_gland.tsv.gz table
Processing UBERON_0005399_male_reproductive_gland
No fold
Trying to open data/90_fantom/onto/UBERON_0000122_neuron_projection_bundle.tsv.gz table
Opened data/90_fantom/onto/UBERON_0000122_neuron_projection_bundle.tsv.gz table
Processing UBERON_0000122_neuron_projection_bundle
Trying to open data/90_fantom/onto/UBERON_0005153_epithelial_bud.tsv.gz table
Opened data/90_fantom/onto/UBERON_0005153_epithelial_bud.tsv.gz table
Processing UBERON_0005153_epithelial_bud
Trying to open data/90_fantom/onto/UBERON_0002435_striatum.tsv.gz table
Opened data/90_fantom/onto/UBERON_0002435_striatum.tsv.gz table
Processing UBERON_0002435_striatum
Trying to open data/90_fantom/onto/UBERON_0002342_neural_crest.tsv.gz table
Opened data/90_fantom/onto/UBERON_0002342_neural_crest.tsv.gz table
Processing UBERON_0002342_neural_crest
Trying to open data/90_fantom/onto/CL_0000708_leptomeningeal_cell.tsv.gz table
Opened data/90_fantom/onto/CL_0000708_leptomeningeal_cell.tsv.gz table
Processing CL_0000708_leptomeningeal_cell
Trying to open data/90_fantom/onto/UBERON_0001876_amygdala.tsv.gz table
Opened data/90_fantom/onto/UBERON_0001876_amygdala.tsv.gz table
Processing UBERON_0001876_amygdala
Trying to open data/90_fantom/onto/CL_0000632_hepatic_stellate_cell.tsv.gz table
Opened data/90_fantom/onto/CL_0000632_hepatic_stellate_cell.tsv.gz table
Processing CL_0000632_hepatic_stellate_cell
Trying to open data/90_fantom/onto/UBERON_0000949_endocrine_system.tsv.gz table
Opened data/90_fantom/onto/UBERON_0000949_endocrine_system.tsv.gz table
Processing UBERON_0000949_endocrine_system
Trying to open data/90_fantom/onto/CL_0000049_common_myeloid_progenitor.tsv.gz table
Opened data/90_fantom/onto/CL_0000049_common_myeloid_progenitor.tsv.gz table
Processing CL_0000049_common_myeloid_progenitor
Trying to open data/90_fantom/onto/UBERON_0001905_pineal_body.tsv.gz table
Opened data/90_fantom/onto/UBERON_0001905_pineal_body.tsv.gz table
Processing UBERON_0001905_pineal_body
Trying to open data/90_fantom/onto/CL_0000236_B_cell.tsv.gz table
Opened data/90_fantom/onto/CL_0000236_B_cell.tsv.gz table
Processing CL_0000236_B_cell
Trying to open data/90_fantom/onto/CL_0002537_amnion_mesenchymal_stem_cell.tsv.gz table
Opened data/90_fantom/onto/CL_0002537_amnion_mesenchymal_stem_cell.tsv.gz table
Processing CL_0002537_amnion_mesenchymal_stem_cell
Trying to open data/90_fantom/onto/UBERON_0003133_reproductive_organ.tsv.gz table
Opened data/90_fantom/onto/UBERON_0003133_reproductive_organ.tsv.gz table
Processing UBERON_0003133_reproductive_organ
Trying to open data/90_fantom/onto/CL_0000789_alpha_beta_T_cell.tsv.gz table
Opened data/90_fantom/onto/CL_0000789_alpha_beta_T_cell.tsv.gz table
Processing CL_0000789_alpha_beta_T_cell
Trying to open data/90_fantom/onto/UBERON_0007798_vascular_system.tsv.gz table
Opened data/90_fantom/onto/UBERON_0007798_vascular_system.tsv.gz table
Processing UBERON_0007798_vascular_system
Trying to open data/90_fantom/onto/CL_0002567_light_melanocyte.tsv.gz table
Opened data/90_fantom/onto/CL_0002567_light_melanocyte.tsv.gz table
Processing CL_0002567_light_melanocyte
Trying to open data/90_fantom/onto/UBERON_0002075_viscus.tsv.gz table
Opened data/90_fantom/onto/UBERON_0002075_viscus.tsv.gz table
Processing UBERON_0002075_viscus
Trying to open data/90_fantom/onto/CL_0002518_kidney_epithelial_cell.tsv.gz table
Opened data/90_fantom/onto/CL_0002518_kidney_epithelial_cell.tsv.gz table
Processing CL_0002518_kidney_epithelial_cell
Trying to open data/90_fantom/onto/CL_0002622_prostate_stromal_cell.tsv.gz table
Opened data/90_fantom/onto/CL_0002622_prostate_stromal_cell.tsv.gz table
Processing CL_0002622_prostate_stromal_cell
Trying to open data/90_fantom/onto/UBERON_0001981_blood_vessel.tsv.gz table
Opened data/90_fantom/onto/UBERON_0001981_blood_vessel.tsv.gz table
Processing UBERON_0001981_blood_vessel
Trying to open data/90_fantom/onto/UBERON_0000305_amnion.tsv.gz table
Opened data/90_fantom/onto/UBERON_0000305_amnion.tsv.gz table
Processing UBERON_0000305_amnion
Trying to open data/90_fantom/onto/UBERON_0004145_outflow_tract.tsv.gz table
Opened data/90_fantom/onto/UBERON_0004145_outflow_tract.tsv.gz table
Processing UBERON_0004145_outflow_tract
Trying to open data/90_fantom/onto/UBERON_0000485_simple_columnar_epithelium.tsv.gz table
Opened data/90_fantom/onto/UBERON_0000485_simple_columnar_epithelium.tsv.gz table
Processing UBERON_0000485_simple_columnar_epithelium
Trying to open data/90_fantom/onto/UBERON_0000988_pons.tsv.gz table
Opened data/90_fantom/onto/UBERON_0000988_pons.tsv.gz table
Processing UBERON_0000988_pons
Trying to open data/90_fantom/onto/CL_0000710_neurecto_epithelial_cell.tsv.gz table
Opened data/90_fantom/onto/CL_0000710_neurecto_epithelial_cell.tsv.gz table
Processing CL_0000710_neurecto_epithelial_cell
Trying to open data/90_fantom/onto/CL_0002603_astrocyte_of_the_cerebellum.tsv.gz table
Opened data/90_fantom/onto/CL_0002603_astrocyte_of_the_cerebellum.tsv.gz table
Processing CL_0002603_astrocyte_of_the_cerebellum
Trying to open data/90_fantom/onto/CL_1001318_renal_interstitial_pericyte.tsv.gz table
Opened data/90_fantom/onto/CL_1001318_renal_interstitial_pericyte.tsv.gz table
Processing CL_1001318_renal_interstitial_pericyte
Trying to open data/90_fantom/onto/CL_1000494_nephron_tubule_epithelial_cell.tsv.gz table
Opened data/90_fantom/onto/CL_1000494_nephron_tubule_epithelial_cell.tsv.gz table
Processing CL_1000494_nephron_tubule_epithelial_cell
Traceback (most recent call last):
  File "src/031_ClassificationScoring.py", line 214, in <module>
    leuko_feats, ubi_sample = set_generic_group(ranks, leuko_table, ubi_table)
  File "src/031_ClassificationScoring.py", line 60, in set_generic_group
    leuko_feats["CAT_geneClass"]=leuko_table["geneClass"]
  File "/home/elyas/.local/lib/python3.6/site-packages/pandas/core/frame.py", line 3044, in __setitem__
    self._set_item(key, value)
  File "/home/elyas/.local/lib/python3.6/site-packages/pandas/core/frame.py", line 3127, in _set_item
    self._check_setitem_copy()
  File "/home/elyas/.local/lib/python3.6/site-packages/pandas/core/generic.py", line 3685, in _check_setitem_copy
    warnings.warn(t, com.SettingWithCopyWarning, stacklevel=stacklevel)
  File "/usr/lib/python3.6/warnings.py", line 398, in __init__
    def __init__(self, message, category, filename, lineno, file=None,
KeyboardInterrupt
